app/build/outputs/logs/manifest-merger-debug-report.txt
-- Merging decision tree log ---
manifest
ADDED from src\main\AndroidManifest.xml:2:1-33:12
INJECTED from src\main\AndroidManifest.xml:2:1-33:12
INJECTED from src\main\AndroidManifest.xml:2:1-33:12
INJECTED from src\main\AndroidManifest.xml:2:1-33:12
MERGED from [com.android.support:palette-v7:25.3.1] AndroidManifest.xml:17:1-28:12
MERGED from [com.android.support:design:25.3.1] AndroidManifest.xml:17:1-31:12
MERGED from [com.android.support:appcompat-v7:25.3.1] AndroidManifest.xml:17:1-31:12
MERGED from [com.android.support.constraint:constraint-layout:1.0.2] AndroidManifest.xml:2:1-11:12
MERGED from [com.android.support:cardview-v7:25.3.1] AndroidManifest.xml:17:1-28:12
MERGED from [com.android.support:recyclerview-v7:25.3.1] AndroidManifest.xml:17:1-26:12
MERGED from [com.android.support:transition:25.3.1] AndroidManifest.xml:17:1-28:12
MERGED from [com.android.support:support-v4:25.3.1] AndroidManifest.xml:17:1-31:12
MERGED from [com.android.support:support-fragment:25.3.1] AndroidManifest.xml:17:1-31:12
MERGED from [com.android.support:support-core-utils:25.3.1] AndroidManifest.xml:17:1-31:12
MERGED from [com.android.support:animated-vector-drawable:25.3.1] AndroidManifest.xml:17:1-28:12
MERGED from [com.android.support:support-vector-drawable:25.3.1] AndroidManifest.xml:17:1-28:12
MERGED from [com.android.support:support-core-ui:25.3.1] AndroidManifest.xml:17:1-31:12
MERGED from [com.android.support:support-media-compat:25.3.1] AndroidManifest.xml:17:1-31:12
MERGED from [com.android.support:support-compat:25.3.1] AndroidManifest.xml:17:1-31:12
INJECTED from src\main\AndroidManifest.xml:2:1-33:12
INJECTED from src\main\AndroidManifest.xml:2:1-33:12
INJECTED from src\main\AndroidManifest.xml:2:1-33:12
	package
		ADDED from src\main\AndroidManifest.xml:3:5-50
		INJECTED from src\main\AndroidManifest.xml
		INJECTED from src\main\AndroidManifest.xml
	android:versionName
		INJECTED from src\main\AndroidManifest.xml
		ADDED from src\main\AndroidManifest.xml:2:1-33:12
		INJECTED from src\main\AndroidManifest.xml
	android:versionCode
		INJECTED from src\main\AndroidManifest.xml
		ADDED from src\main\AndroidManifest.xml:2:1-33:12
		INJECTED from src\main\AndroidManifest.xml
	xmlns:android
		ADDED from src\main\AndroidManifest.xml:2:11-69
uses-permission#android.permission.INTERNET
ADDED from src\main\AndroidManifest.xml:5:5-67
	android:name
		ADDED from src\main\AndroidManifest.xml:5:22-64
uses-permission#android.permission.ACCESS_NETWORK_STATE
ADDED from src\main\AndroidManifest.xml:6:5-79
	android:name
		ADDED from src\main\AndroidManifest.xml:6:22-76
application
ADDED from src\main\AndroidManifest.xml:8:5-31:19
MERGED from [com.android.support:palette-v7:25.3.1] AndroidManifest.xml:26:5-20
MERGED from [com.android.support:palette-v7:25.3.1] AndroidManifest.xml:26:5-20
MERGED from [com.android.support:design:25.3.1] AndroidManifest.xml:29:5-20
MERGED from [com.android.support:design:25.3.1] AndroidManifest.xml:29:5-20
MERGED from [com.android.support:appcompat-v7:25.3.1] AndroidManifest.xml:29:5-20
MERGED from [com.android.support:appcompat-v7:25.3.1] AndroidManifest.xml:29:5-20
MERGED from [com.android.support.constraint:constraint-layout:1.0.2] AndroidManifest.xml:9:5-20
MERGED from [com.android.support.constraint:constraint-layout:1.0.2] AndroidManifest.xml:9:5-20
MERGED from [com.android.support:cardview-v7:25.3.1] AndroidManifest.xml:26:5-20
MERGED from [com.android.support:cardview-v7:25.3.1] AndroidManifest.xml:26:5-20
MERGED from [com.android.support:transition:25.3.1] AndroidManifest.xml:26:5-20
MERGED from [com.android.support:transition:25.3.1] AndroidManifest.xml:26:5-20
MERGED from [com.android.support:support-v4:25.3.1] AndroidManifest.xml:29:5-20
MERGED from [com.android.support:support-v4:25.3.1] AndroidManifest.xml:29:5-20
MERGED from [com.android.support:support-fragment:25.3.1] AndroidManifest.xml:29:5-20
MERGED from [com.android.support:support-fragment:25.3.1] AndroidManifest.xml:29:5-20
MERGED from [com.android.support:support-core-utils:25.3.1] AndroidManifest.xml:29:5-20
MERGED from [com.android.support:support-core-utils:25.3.1] AndroidManifest.xml:29:5-20
MERGED from [com.android.support:animated-vector-drawable:25.3.1] AndroidManifest.xml:26:5-20
MERGED from [com.android.support:animated-vector-drawable:25.3.1] AndroidManifest.xml:26:5-20
MERGED from [com.android.support:support-vector-drawable:25.3.1] AndroidManifest.xml:26:5-20
MERGED from [com.android.support:support-vector-drawable:25.3.1] AndroidManifest.xml:26:5-20
MERGED from [com.android.support:support-core-ui:25.3.1] AndroidManifest.xml:29:5-20
MERGED from [com.android.support:support-core-ui:25.3.1] AndroidManifest.xml:29:5-20
MERGED from [com.android.support:support-media-compat:25.3.1] AndroidManifest.xml:29:5-20
MERGED from [com.android.support:support-media-compat:25.3.1] AndroidManifest.xml:29:5-20
MERGED from [com.android.support:support-compat:25.3.1] AndroidManifest.xml:29:5-20
MERGED from [com.android.support:support-compat:25.3.1] AndroidManifest.xml:29:5-20
	android:supportsRtl
		ADDED from src\main\AndroidManifest.xml:13:9-35
	android:label
		ADDED from src\main\AndroidManifest.xml:11:9-41
	android:roundIcon
		ADDED from src\main\AndroidManifest.xml:12:9-54
	android:icon
		ADDED from src\main\AndroidManifest.xml:10:9-43
	android:allowBackup
		ADDED from src\main\AndroidManifest.xml:9:9-35
	android:theme
		ADDED from src\main\AndroidManifest.xml:14:9-40
activity#setiaendra18.gmail.com.akakommobile.Splash
ADDED from src\main\AndroidManifest.xml:15:9-23:20
	android:label
		ADDED from src\main\AndroidManifest.xml:17:13-45
	android:theme
		ADDED from src\main\AndroidManifest.xml:18:13-56
	android:name
		ADDED from src\main\AndroidManifest.xml:16:13-35
intent-filter#android.intent.action.MAIN+android.intent.category.LAUNCHER
ADDED from src\main\AndroidManifest.xml:19:13-22:29
action#android.intent.action.MAIN
ADDED from src\main\AndroidManifest.xml:20:17-69
	android:name
		ADDED from src\main\AndroidManifest.xml:20:25-66
category#android.intent.category.LAUNCHER
ADDED from src\main\AndroidManifest.xml:21:17-77
	android:name
		ADDED from src\main\AndroidManifest.xml:21:27-74
activity#setiaendra18.gmail.com.akakommobile.MainActivity
ADDED from src\main\AndroidManifest.xml:24:9-50
	android:name
		ADDED from src\main\AndroidManifest.xml:24:19-47
activity#setiaendra18.gmail.com.akakommobile.profil
ADDED from src\main\AndroidManifest.xml:25:9-44
	android:name
		ADDED from src\main\AndroidManifest.xml:25:19-41
activity#setiaendra18.gmail.com.akakommobile.program_studi
ADDED from src\main\AndroidManifest.xml:26:9-51
	android:name
		ADDED from src\main\AndroidManifest.xml:26:19-48
activity#setiaendra18.gmail.com.akakommobile.tautan
ADDED from src\main\AndroidManifest.xml:27:9-53
	android:name
		ADDED from src\main\AndroidManifest.xml:27:19-41
activity#setiaendra18.gmail.com.akakommobile.kontak_kami
ADDED from src\main\AndroidManifest.xml:28:9-49
	android:name
		ADDED from src\main\AndroidManifest.xml:28:19-46
activity#setiaendra18.gmail.com.akakommobile.NewsActivity
ADDED from src\main\AndroidManifest.xml:29:9-30:57
	android:parentActivityName
		ADDED from src\main\AndroidManifest.xml:30:13-55
	android:name
		ADDED from src\main\AndroidManifest.xml:29:19-47
uses-sdk
INJECTED from src\main\AndroidManifest.xml reason: use-sdk injection requested
INJECTED from src\main\AndroidManifest.xml
INJECTED from src\main\AndroidManifest.xml
MERGED from [com.android.support:palette-v7:25.3.1] AndroidManifest.xml:20:5-43
MERGED from [com.android.support:palette-v7:25.3.1] AndroidManifest.xml:20:5-43
MERGED from [com.android.support:design:25.3.1] AndroidManifest.xml:21:5-23:62
MERGED from [com.android.support:design:25.3.1] AndroidManifest.xml:21:5-23:62
MERGED from [com.android.support:appcompat-v7:25.3.1] AndroidManifest.xml:21:5-23:78
MERGED from [com.android.support:appcompat-v7:25.3.1] AndroidManifest.xml:21:5-23:78
MERGED from [com.android.support.constraint:constraint-layout:1.0.2] AndroidManifest.xml:5:5-7:41
MERGED from [com.android.support.constraint:constraint-layout:1.0.2] AndroidManifest.xml:5:5-7:41
MERGED from [com.android.support:cardview-v7:25.3.1] AndroidManifest.xml:20:5-43
MERGED from [com.android.support:cardview-v7:25.3.1] AndroidManifest.xml:20:5-43
MERGED from [com.android.support:recyclerview-v7:25.3.1] AndroidManifest.xml:20:5-43
MERGED from [com.android.support:recyclerview-v7:25.3.1] AndroidManifest.xml:20:5-43
MERGED from [com.android.support:transition:25.3.1] AndroidManifest.xml:20:5-44
MERGED from [com.android.support:transition:25.3.1] AndroidManifest.xml:20:5-44
MERGED from [com.android.support:support-v4:25.3.1] AndroidManifest.xml:21:5-23:54
MERGED from [com.android.support:support-v4:25.3.1] AndroidManifest.xml:21:5-23:54
MERGED from [com.android.support:support-fragment:25.3.1] AndroidManifest.xml:21:5-23:60
MERGED from [com.android.support:support-fragment:25.3.1] AndroidManifest.xml:21:5-23:60
MERGED from [com.android.support:support-core-utils:25.3.1] AndroidManifest.xml:21:5-23:61
MERGED from [com.android.support:support-core-utils:25.3.1] AndroidManifest.xml:21:5-23:61
MERGED from [com.android.support:animated-vector-drawable:25.3.1] AndroidManifest.xml:20:5-44
MERGED from [com.android.support:animated-vector-drawable:25.3.1] AndroidManifest.xml:20:5-44
MERGED from [com.android.support:support-vector-drawable:25.3.1] AndroidManifest.xml:20:5-43
MERGED from [com.android.support:support-vector-drawable:25.3.1] AndroidManifest.xml:20:5-43
MERGED from [com.android.support:support-core-ui:25.3.1] AndroidManifest.xml:21:5-23:58
MERGED from [com.android.support:support-core-ui:25.3.1] AndroidManifest.xml:21:5-23:58
MERGED from [com.android.support:support-media-compat:25.3.1] AndroidManifest.xml:21:5-23:63
MERGED from [com.android.support:support-media-compat:25.3.1] AndroidManifest.xml:21:5-23:63
MERGED from [com.android.support:support-compat:25.3.1] AndroidManifest.xml:21:5-23:58
MERGED from [com.android.support:support-compat:25.3.1] AndroidManifest.xml:21:5-23:58
INJECTED from src\main\AndroidManifest.xml
INJECTED from src\main\AndroidManifest.xml
	tools:overrideLibrary
		ADDED from [com.android.support:design:25.3.1] AndroidManifest.xml:23:9-59
	android:targetSdkVersion
		INJECTED from src\main\AndroidManifest.xml
		ADDED from src\main\AndroidManifest.xml
		INJECTED from src\main\AndroidManifest.xml
	android:minSdkVersion
		INJECTED from src\main\AndroidManifest.xml
		ADDED from src\main\AndroidManifest.xml
		INJECTED from src\main\AndroidManifest.xml
meta-data#android.support.VERSION
ADDED from [com.android.support:palette-v7:25.3.1] AndroidManifest.xml:22:5-24:34
MERGED from [com.android.support:design:25.3.1] AndroidManifest.xml:25:5-27:34
MERGED from [com.android.support:design:25.3.1] AndroidManifest.xml:25:5-27:34
MERGED from [com.android.support:appcompat-v7:25.3.1] AndroidManifest.xml:25:5-27:34
MERGED from [com.android.support:appcompat-v7:25.3.1] AndroidManifest.xml:25:5-27:34
MERGED from [com.android.support:cardview-v7:25.3.1] AndroidManifest.xml:22:5-24:34
MERGED from [com.android.support:cardview-v7:25.3.1] AndroidManifest.xml:22:5-24:34
MERGED from [com.android.support:recyclerview-v7:25.3.1] AndroidManifest.xml:22:5-24:34
MERGED from [com.android.support:recyclerview-v7:25.3.1] AndroidManifest.xml:22:5-24:34
MERGED from [com.android.support:transition:25.3.1] AndroidManifest.xml:22:5-24:34
MERGED from [com.android.support:transition:25.3.1] AndroidManifest.xml:22:5-24:34
MERGED from [com.android.support:support-v4:25.3.1] AndroidManifest.xml:25:5-27:34
MERGED from [com.android.support:support-v4:25.3.1] AndroidManifest.xml:25:5-27:34
MERGED from [com.android.support:support-fragment:25.3.1] AndroidManifest.xml:25:5-27:34
MERGED from [com.android.support:support-fragment:25.3.1] AndroidManifest.xml:25:5-27:34
MERGED from [com.android.support:support-core-utils:25.3.1] AndroidManifest.xml:25:5-27:34
MERGED from [com.android.support:support-core-utils:25.3.1] AndroidManifest.xml:25:5-27:34
MERGED from [com.android.support:animated-vector-drawable:25.3.1] AndroidManifest.xml:22:5-24:34
MERGED from [com.android.support:animated-vector-drawable:25.3.1] AndroidManifest.xml:22:5-24:34
MERGED from [com.android.support:support-vector-drawable:25.3.1] AndroidManifest.xml:22:5-24:34
MERGED from [com.android.support:support-vector-drawable:25.3.1] AndroidManifest.xml:22:5-24:34
MERGED from [com.android.support:support-core-ui:25.3.1] AndroidManifest.xml:25:5-27:34
MERGED from [com.android.support:support-core-ui:25.3.1] AndroidManifest.xml:25:5-27:34
MERGED from [com.android.support:support-media-compat:25.3.1] AndroidManifest.xml:25:5-27:34
MERGED from [com.android.support:support-media-compat:25.3.1] AndroidManifest.xml:25:5-27:34
MERGED from [com.android.support:support-compat:25.3.1] AndroidManifest.xml:25:5-27:34
MERGED from [com.android.support:support-compat:25.3.1] AndroidManifest.xml:25:5-27:34
	android:value
		ADDED from [com.android.support:palette-v7:25.3.1] AndroidManifest.xml:24:9-31
	android:name
		ADDED from [com.android.support:palette-v7:25.3.1] AndroidManifest.xml:23:9-47